c:\users\arvidj\documents\visual studio 2015\projects\fft\fft\fft.out
c:\users\arvidj\documents\visual studio 2015\projects\fft\fft\debug\vc140.pdb
c:\users\arvidj\documents\visual studio 2015\projects\fft\fft\debug\vc140.idb
c:\users\arvidj\documents\visual studio 2015\projects\fft\fft\debug\fft.obj
c:\users\arvidj\documents\visual studio 2015\projects\fft\fft\debug\invalidargvalue.obj
c:\users\arvidj\documents\visual studio 2015\projects\fft\fft\debug\main.obj
c:\users\arvidj\documents\visual studio 2015\projects\fft\fft\debug\opencldeviceinfo.obj
c:\users\arvidj\documents\visual studio 2015\projects\fft\fft\debug\option.obj
c:\users\arvidj\documents\visual studio 2015\projects\fft\fft\debug\optionparser.obj
c:\users\arvidj\documents\visual studio 2015\projects\fft\fft\debug\resultdatabase.obj
c:\users\arvidj\documents\visual studio 2015\projects\fft\fft\debug\event.obj
c:\users\arvidj\documents\visual studio 2015\projects\fft\fft\debug\fftlib.obj
c:\users\arvidj\documents\visual studio 2015\projects\fft\fft\debug\openclplatform.obj
c:\users\arvidj\documents\visual studio 2015\projects\fft\fft\debug\openclnodeplatformcontainer.obj
c:\users\arvidj\documents\visual studio 2015\projects\fft\fft\debug\opts.obj
c:\users\arvidj\documents\visual studio 2015\projects\fft\fft\debug\common_args.obj
c:\users\arvidj\documents\visual studio 2015\projects\fft\debug\fft.ilk
c:\users\arvidj\documents\visual studio 2015\projects\fft\debug\fft.exe
c:\users\arvidj\documents\visual studio 2015\projects\fft\debug\fft.pdb
c:\users\arvidj\documents\visual studio 2015\projects\fft\fft\debug\fft.write.1.tlog
c:\users\arvidj\documents\visual studio 2015\projects\fft\fft\debug\fft.tlog\cl.command.1.tlog
c:\users\arvidj\documents\visual studio 2015\projects\fft\fft\debug\fft.tlog\cl.read.1.tlog
c:\users\arvidj\documents\visual studio 2015\projects\fft\fft\debug\fft.tlog\cl.write.1.tlog
c:\users\arvidj\documents\visual studio 2015\projects\fft\fft\debug\fft.tlog\link.command.1.tlog
c:\users\arvidj\documents\visual studio 2015\projects\fft\fft\debug\fft.tlog\link.read.1.tlog
c:\users\arvidj\documents\visual studio 2015\projects\fft\fft\debug\fft.tlog\link.write.1.tlog
