  createcsr.c
  Importing getopt library
createcsr.c(14): warning C4133: 'initializing': incompatible types - from 'char [6]' to 'const wchar_t *'
createcsr.c(15): warning C4133: 'initializing': incompatible types - from 'char [8]' to 'const wchar_t *'
createcsr.c(16): warning C4133: 'initializing': incompatible types - from 'char [5]' to 'const wchar_t *'
createcsr.c(17): warning C4133: 'initializing': incompatible types - from 'char [18]' to 'const wchar_t *'
createcsr.c(18): warning C4133: 'initializing': incompatible types - from 'char [9]' to 'const wchar_t *'
createcsr.c(19): warning C4133: 'initializing': incompatible types - from 'char [8]' to 'const wchar_t *'
createcsr.c(20): warning C4133: 'initializing': incompatible types - from 'char [8]' to 'const wchar_t *'
createcsr.c(45): warning C4133: 'function': incompatible types - from 'char **' to 'wchar_t *const *'
createcsr.c(45): warning C4133: 'function': incompatible types - from 'char [14]' to 'const wchar_t *'
createcsr.c(51): warning C4133: 'function': incompatible types - from 'wchar_t *' to 'const char *'
createcsr.c(57): warning C4133: 'function': incompatible types - from 'wchar_t *' to 'const char *'
createcsr.c(63): warning C4133: 'function': incompatible types - from 'wchar_t *' to 'const char *'
createcsr.c(69): warning C4133: 'function': incompatible types - from 'wchar_t *' to 'const char *'
createcsr.c(75): warning C4133: '=': incompatible types - from 'wchar_t *' to 'char *'
createcsr.c(94): warning C4013: 'getpid' undefined; assuming extern returning int
createcsr.c(113): warning C4996: 'localtime': This function or variable may be unsafe. Consider using localtime_s instead. To disable deprecation, use _CRT_SECURE_NO_WARNINGS. See online help for details.
  C:\Program Files (x86)\Windows Kits\10\Include\10.0.10240.0\ucrt\time.h(505): note: see declaration of 'localtime'
  createCsr.vcxproj -> C:\Users\ArvidJ\Documents\Visual Studio 2015\Projects\createCsr\Debug\createCsr.exe
  createCsr.vcxproj -> C:\Users\ArvidJ\Documents\Visual Studio 2015\Projects\createCsr\Debug\createCsr.pdb (Full PDB)
