c:\users\arvidj\documents\visual studio 2015\projects\spmv2\spmv2\spmv.out
c:\users\arvidj\documents\visual studio 2015\projects\spmv2\spmv2\debug\vc140.pdb
c:\users\arvidj\documents\visual studio 2015\projects\spmv2\spmv2\debug\vc140.idb
c:\users\arvidj\documents\visual studio 2015\projects\spmv2\spmv2\debug\getopt.obj
c:\users\arvidj\documents\visual studio 2015\projects\spmv2\spmv2\debug\opts.obj
c:\users\arvidj\documents\visual studio 2015\projects\spmv2\spmv2\debug\common_args.obj
c:\users\arvidj\documents\visual studio 2015\projects\spmv2\spmv2\debug\sparse_formats.obj
c:\users\arvidj\documents\visual studio 2015\projects\spmv2\spmv2\debug\source.obj
c:\users\arvidj\documents\visual studio 2015\projects\spmv2\debug\spmv2.ilk
c:\users\arvidj\documents\visual studio 2015\projects\spmv2\debug\spmv2.exe
c:\users\arvidj\documents\visual studio 2015\projects\spmv2\debug\spmv2.pdb
c:\users\arvidj\documents\visual studio 2015\projects\spmv2\debug\spmv2.lib
c:\users\arvidj\documents\visual studio 2015\projects\spmv2\debug\spmv2.exp
c:\users\arvidj\documents\visual studio 2015\projects\spmv2\spmv2\debug\spmv2.write.1.tlog
c:\users\arvidj\documents\visual studio 2015\projects\spmv2\spmv2\debug\spmv2.tlog\cl.command.1.tlog
c:\users\arvidj\documents\visual studio 2015\projects\spmv2\spmv2\debug\spmv2.tlog\cl.read.1.tlog
c:\users\arvidj\documents\visual studio 2015\projects\spmv2\spmv2\debug\spmv2.tlog\cl.write.1.tlog
c:\users\arvidj\documents\visual studio 2015\projects\spmv2\spmv2\debug\spmv2.tlog\link.command.1.tlog
c:\users\arvidj\documents\visual studio 2015\projects\spmv2\spmv2\debug\spmv2.tlog\link.read.1.tlog
c:\users\arvidj\documents\visual studio 2015\projects\spmv2\spmv2\debug\spmv2.tlog\link.write.1.tlog
c:\users\arvidj\documents\visual studio 2015\projects\spmv2\spmv2\debug\spmv2.tlog\spmv2.write.1u.tlog
